[Thu Jul 23 21:18:00 WIB 2026] Mulai pipeline...
Tahap 1: Mengumpulkan semua URL produk
  face-all halaman 1: 12 produk
  eyes halaman 1: 6 produk
  lips-all halaman 1: 6 produk
  cheeks halaman 1: 9 produk
  skincare halaman 1: 5 produk
  headband halaman 1: 5 produk
Selesai. Total 28 URL produk unik ditemukan.

Tahap 2: Memproses setiap URL untuk mendapatkan detail produk
Memproses produk 1/28...
  -> Berhasil scrape: Abracadabrow Tinted Brow Laminator
Memproses produk 2/28...
  -> Berhasil scrape: AM to PM Colorfast Hypertint
Memproses produk 3/28...
  -> Berhasil scrape: Anti Cakey Lock and Smooth Gripping Primer
Memproses produk 4/28...
  -> Berhasil scrape: Browgraphy Angled Precision Brow Pen
Memproses produk 5/28...
  -> Berhasil scrape: Bulletproof Set and Protect Continous Mist
Memproses produk 6/28...
  -> Berhasil scrape: C.M.I.I.W Skin Corrector
Memproses produk 7/28...
  -> Berhasil scrape: G.W.S (Gleaming, Wonderful, Shiny) Plump Gloss
Memproses produk 8/28...
  -> Berhasil scrape: Invincible Nano Gel Capsule Sunscreen SPF50+/PA++++
Memproses produk 9/28...
  -> Berhasil scrape: Lip Sculptor Lip Liner
Memproses produk 10/28...
  -> Berhasil scrape: Lippy Shield Nourishing and Protecting Balm SPF 35 PA++++
Memproses produk 11/28...
  -> Berhasil scrape: MaxCara Volumizing & Lengthening Mascara
Memproses produk 12/28...
  -> Berhasil scrape: Microblur Loose Powder
Memproses produk 13/28...
  -> Berhasil scrape: Microblur Translucent Pressed Powder
Memproses produk 14/28...
  -> Berhasil scrape: BLOOM Maximum Intensity Pigment Blusher
Memproses produk 15/28...
  -> Berhasil scrape: BloomDrop Longwear Liquid Blush
Memproses produk 16/28...
  -> Berhasil scrape: C.O.A (Center of Attention) Ultra Cover Long-Lasting Powder Foundation
Memproses produk 17/28...
  -> Berhasil scrape: Cover Age High Coverage Creamy Concealer
Memproses produk 18/28...
  -> Berhasil scrape: Multifunctional Liquid Brush
Memproses produk 19/28...
  -> Berhasil scrape: Picture Perfect Soft-Focus Satin Concealer
Memproses produk 20/28...
  -> Berhasil scrape: Unbothered Demi-Matte Cushion SPF 40 PA ++++
Memproses produk 21/28...
  -> Berhasil scrape: Mother of Puff Beauty Sponge
Memproses produk 22/28...
  -> Berhasil scrape: My Perfect Nude Lip Cream
Memproses produk 23/28...
  -> Berhasil scrape: So X-TRA! Hybrid Matte Foundation Peptides Infused SPF 40 PA++
Memproses produk 24/28...
  -> Berhasil scrape: Tender Touch Creamy Butter Bronzer
Memproses produk 25/28...
  -> Berhasil scrape: Tender Touch Creamy Butter Contour
Memproses produk 26/28...
  -> Berhasil scrape: Tender Touch Illuminating Finishing Powder
Memproses produk 27/28...
  -> Berhasil scrape: Tender Touch Soft Ombré Powder Blush
Memproses produk 28/28...
  -> Berhasil scrape: Vantablack Waterproof Precision Liner

----------------------------------------
Scraping complete. Total products found: 28
----------------------------------------

Data disimpan di data/products.json
Tahap 1: Mengumpulkan semua URL produk
  face-all halaman 1: 12 produk
  eyes halaman 1: 6 produk
  lips-all halaman 1: 6 produk
  cheeks halaman 1: 9 produk
  skincare halaman 1: 5 produk
  headband halaman 1: 5 produk
Selesai. Total 28 URL produk unik ditemukan.

Tahap 2: Memproses setiap URL untuk mendapatkan data varian
Memproses produk 1/28...
  -> Ditemukan 4 varian
Memproses produk 2/28...
  -> Ditemukan 12 varian
Memproses produk 3/28...
  -> Ditemukan 1 varian
Memproses produk 4/28...
  -> Ditemukan 3 varian
Memproses produk 5/28...
  -> Ditemukan 4 varian
Memproses produk 6/28...
  -> Ditemukan 2 varian
Memproses produk 7/28...
  -> Ditemukan 7 varian
Memproses produk 8/28...
  -> Ditemukan 1 varian
Memproses produk 9/28...
  -> Ditemukan 2 varian
Memproses produk 10/28...
  -> Ditemukan 1 varian
Memproses produk 11/28...
  -> Skip produk setelah 3 percobaan gagal.
  -> Lewati, tidak ada data varian di: https://motherofpearl.id/products/maxcara-volumizing-lengthening-mascara
Memproses produk 12/28...
  -> Skip produk setelah 3 percobaan gagal.
  -> Lewati, tidak ada data varian di: https://motherofpearl.id/products/microblur-translucent-loose-powder
Memproses produk 13/28...
  -> Ditemukan 1 varian
Memproses produk 14/28...
  -> Ditemukan 6 varian
Memproses produk 15/28...
  -> Ditemukan 8 varian
Memproses produk 16/28...
  -> Ditemukan 8 varian
Memproses produk 17/28...
  -> Ditemukan 7 varian
Memproses produk 18/28...

Memproses produk 19/28...
  -> Ditemukan 9 varian
Memproses produk 20/28...
  -> Ditemukan 14 varian
Memproses produk 21/28...
  -> gagal ambil https://motherofpearl.id/products/mother-of-puff-beauty-sponge (percobaan 1/3): 429 Client Error: Too Many Requests for url: https://motherofpearl.id/products/mother-of-puff-beauty-sponge
  -> Ditemukan 1 varian
Memproses produk 22/28...
  -> Ditemukan 12 varian
Memproses produk 23/28...
  -> gagal ambil https://motherofpearl.id/products/so-x-tra-hybrid-matte-foundation-peptides-infused-spf-40-pa (percobaan 1/3): 429 Client Error: Too Many Requests for url: https://motherofpearl.id/products/so-x-tra-hybrid-matte-foundation-peptides-infused-spf-40-pa
  -> Ditemukan 9 varian
Memproses produk 24/28...
  -> Ditemukan 1 varian
Memproses produk 25/28...
  -> gagal ambil https://motherofpearl.id/products/tender-touch-creamy-butter-contour (percobaan 1/3): 429 Client Error: Too Many Requests for url: https://motherofpearl.id/products/tender-touch-creamy-butter-contour
  -> Ditemukan 1 varian
Memproses produk 26/28...
  -> gagal ambil https://motherofpearl.id/products/tender-touch-illuminating-finishing-powder (percobaan 1/3): 429 Client Error: Too Many Requests for url: https://motherofpearl.id/products/tender-touch-illuminating-finishing-powder
  -> Ditemukan 1 varian
Memproses produk 27/28...
  -> Ditemukan 5 varian
Memproses produk 28/28...
  -> gagal ambil https://motherofpearl.id/products/vantablack-waterproof-precision-liner (percobaan 1/3): 429 Client Error: Too Many Requests for url: https://motherofpearl.id/products/vantablack-waterproof-precision-liner
  -> Ditemukan 1 varian

----------------------------------------
Scraping complete. Total variants: 122
----------------------------------------

Data disimpan di data/variants.json
Tahap 1: Mengumpulkan semua URL produk
  face-all halaman 1: 12 produk
  eyes halaman 1: 6 produk
  -> gagal ambil https://motherofpearl.id/collections/lips-all?page=1 (percobaan 1/3): 429 Client Error: Too Many Requests for url: https://motherofpearl.id/collections/lips-all?page=1
  lips-all halaman 1: 6 produk
  cheeks halaman 1: 9 produk
  skincare halaman 1: 5 produk
  headband halaman 1: 5 produk
Selesai. Total 28 URL produk unik ditemukan.

6 kategori disimpan di data/categories.json
43 relasi produk-kategori disimpan di data/product_categories.json
Memasukkan products...
  28 baris diproses.
Memasukkan categories...
  6 baris diproses.
Memasukkan variants...
  129 baris diproses.
Memasukkan product_categories...
  43 baris diproses.

Selesai. Semua data hasil scraping sudah masuk ke database.
[2026-07-23 21:19:52.169742] Run #2 - products=28 variants=129 categories=6 product_categories=43
[Thu Jul 23 21:19:52 WIB 2026] Pipeline selesai.
[Thu Jul 23 21:20:00 WIB 2026] Mulai pipeline...
Tahap 1: Mengumpulkan semua URL produk
  -> gagal ambil https://motherofpearl.id/collections/face-all?page=1 (percobaan 1/3): 503 Server Error: Service Unavailable for url: https://motherofpearl.id/collections/face-all?page=1
  face-all halaman 1: 12 produk
  eyes halaman 1: 6 produk
  lips-all halaman 1: 6 produk
  cheeks halaman 1: 9 produk
  -> gagal ambil https://motherofpearl.id/collections/skincare?page=1 (percobaan 1/3): 503 Server Error: Service Unavailable for url: https://motherofpearl.id/collections/skincare?page=1
  skincare halaman 1: 5 produk
  headband halaman 1: 5 produk
Selesai. Total 28 URL produk unik ditemukan.

Tahap 2: Memproses setiap URL untuk mendapatkan detail produk
Memproses produk 1/28...
  -> Berhasil scrape: Abracadabrow Tinted Brow Laminator
Memproses produk 2/28...
  -> gagal ambil https://motherofpearl.id/products/am-to-pm-colorfast-hypertint-01-date-night (percobaan 1/3): 429 Client Error: Too Many Requests for url: https://motherofpearl.id/products/am-to-pm-colorfast-hypertint-01-date-night
  -> Berhasil scrape: AM to PM Colorfast Hypertint
Memproses produk 3/28...
  -> Berhasil scrape: Anti Cakey Lock and Smooth Gripping Primer
Memproses produk 4/28...
  -> Berhasil scrape: Browgraphy Angled Precision Brow Pen
Memproses produk 5/28...
  -> gagal ambil https://motherofpearl.id/products/bulletproof-set-and-protect-continous-mist (percobaan 1/3): 429 Client Error: Too Many Requests for url: https://motherofpearl.id/products/bulletproof-set-and-protect-continous-mist
  -> Berhasil scrape: Bulletproof Set and Protect Continous Mist
Memproses produk 6/28...
  -> gagal ambil https://motherofpearl.id/products/c-m-i-i-w-skin-corrector (percobaan 1/3): 429 Client Error: Too Many Requests for url: https://motherofpearl.id/products/c-m-i-i-w-skin-corrector
  -> Berhasil scrape: C.M.I.I.W Skin Corrector
Memproses produk 7/28...
  -> Berhasil scrape: G.W.S (Gleaming, Wonderful, Shiny) Plump Gloss
Memproses produk 8/28...
  -> gagal ambil https://motherofpearl.id/products/invincible-nano-gel-capsule-sunscreen-spf50-pa (percobaan 1/3): 429 Client Error: Too Many Requests for url: https://motherofpearl.id/products/invincible-nano-gel-capsule-sunscreen-spf50-pa
  -> Berhasil scrape: Invincible Nano Gel Capsule Sunscreen SPF50+/PA++++
Memproses produk 9/28...
  -> Berhasil scrape: Lip Sculptor Lip Liner
Memproses produk 10/28...
  -> gagal ambil https://motherofpearl.id/products/lippy-shield-nourishing-and-protecting-balm-spf-35-pa (percobaan 1/3): 429 Client Error: Too Many Requests for url: https://motherofpearl.id/products/lippy-shield-nourishing-and-protecting-balm-spf-35-pa
  -> Berhasil scrape: Lippy Shield Nourishing and Protecting Balm SPF 35 PA++++
Memproses produk 11/28...
  -> Berhasil scrape: MaxCara Volumizing & Lengthening Mascara
Memproses produk 12/28...
  -> gagal ambil https://motherofpearl.id/products/microblur-translucent-loose-powder (percobaan 1/3): 429 Client Error: Too Many Requests for url: https://motherofpearl.id/products/microblur-translucent-loose-powder
  -> Berhasil scrape: Microblur Loose Powder
Memproses produk 13/28...
  -> Berhasil scrape: Microblur Translucent Pressed Powder
Memproses produk 14/28...
  -> Berhasil scrape: BLOOM Maximum Intensity Pigment Blusher
Memproses produk 15/28...
  -> gagal ambil https://motherofpearl.id/products/mop-bloomdrop-longwear-liquid-blush (percobaan 1/3): 429 Client Error: Too Many Requests for url: https://motherofpearl.id/products/mop-bloomdrop-longwear-liquid-blush
  -> Berhasil scrape: BloomDrop Longwear Liquid Blush
Memproses produk 16/28...
  -> Berhasil scrape: C.O.A (Center of Attention) Ultra Cover Long-Lasting Powder Foundation
Memproses produk 17/28...
  -> Berhasil scrape: Cover Age High Coverage Creamy Concealer
Memproses produk 18/28...
  -> gagal ambil https://motherofpearl.id/products/mop-multifunctional-brush (percobaan 1/3): 503 Server Error: Service Unavailable for url: https://motherofpearl.id/products/mop-multifunctional-brush
  -> gagal ambil https://motherofpearl.id/products/mop-multifunctional-brush (percobaan 2/3): 503 Server Error: Service Unavailable for url: https://motherofpearl.id/products/mop-multifunctional-brush
  -> gagal ambil https://motherofpearl.id/products/mop-multifunctional-brush (percobaan 3/3): 503 Server Error: Service Unavailable for url: https://motherofpearl.id/products/mop-multifunctional-brush
  -> Skip produk setelah 3 percobaan gagal.
  -> Lewati, tidak ada blok Product/ProductGroup di: https://motherofpearl.id/products/mop-multifunctional-brush
Memproses produk 19/28...
  -> gagal ambil https://motherofpearl.id/products/mop-picture-perfect-soft-focus-satin-concealer (percobaan 1/3): 503 Server Error: Service Unavailable for url: https://motherofpearl.id/products/mop-picture-perfect-soft-focus-satin-concealer
  -> gagal ambil https://motherofpearl.id/products/mop-picture-perfect-soft-focus-satin-concealer (percobaan 2/3): 503 Server Error: Service Unavailable for url: https://motherofpearl.id/products/mop-picture-perfect-soft-focus-satin-concealer
  -> Berhasil scrape: Picture Perfect Soft-Focus Satin Concealer
Memproses produk 20/28...
  -> Berhasil scrape: Unbothered Demi-Matte Cushion SPF 40 PA ++++
Memproses produk 21/28...
  -> Berhasil scrape: Mother of Puff Beauty Sponge
Memproses produk 22/28...
  -> Berhasil scrape: My Perfect Nude Lip Cream
Memproses produk 23/28...
  -> Berhasil scrape: So X-TRA! Hybrid Matte Foundation Peptides Infused SPF 40 PA++
Memproses produk 24/28...
  -> Berhasil scrape: Tender Touch Creamy Butter Bronzer
Memproses produk 25/28...
  -> Berhasil scrape: Tender Touch Creamy Butter Contour
Memproses produk 26/28...
  -> Berhasil scrape: Tender Touch Illuminating Finishing Powder
Memproses produk 27/28...
  -> Berhasil scrape: Tender Touch Soft Ombré Powder Blush
Memproses produk 28/28...
  -> gagal ambil https://motherofpearl.id/products/vantablack-waterproof-precision-liner (percobaan 1/3): 503 Server Error: Service Unavailable for url: https://motherofpearl.id/products/vantablack-waterproof-precision-liner
  -> gagal ambil https://motherofpearl.id/products/vantablack-waterproof-precision-liner (percobaan 2/3): 503 Server Error: Service Unavailable for url: https://motherofpearl.id/products/vantablack-waterproof-precision-liner
  -> Berhasil scrape: Vantablack Waterproof Precision Liner

----------------------------------------
Scraping complete. Total products found: 27
----------------------------------------

Data disimpan di data/products.json
Tahap 1: Mengumpulkan semua URL produk
  -> gagal ambil https://motherofpearl.id/collections/face-all?page=1 (percobaan 1/3): 503 Server Error: Service Unavailable for url: https://motherofpearl.id/collections/face-all?page=1
  face-all halaman 1: 12 produk
  -> gagal ambil https://motherofpearl.id/collections/eyes?page=1 (percobaan 1/3): 503 Server Error: Service Unavailable for url: https://motherofpearl.id/collections/eyes?page=1
  -> gagal ambil https://motherofpearl.id/collections/eyes?page=1 (percobaan 2/3): 503 Server Error: Service Unavailable for url: https://motherofpearl.id/collections/eyes?page=1
  eyes halaman 1: 6 produk
  -> gagal ambil https://motherofpearl.id/collections/lips-all?page=1 (percobaan 1/3): 503 Server Error: Service Unavailable for url: https://motherofpearl.id/collections/lips-all?page=1
  lips-all halaman 1: 6 produk
  cheeks halaman 1: 9 produk
  skincare halaman 1: 5 produk
  headband halaman 1: 5 produk
Selesai. Total 28 URL produk unik ditemukan.

Tahap 2: Memproses setiap URL untuk mendapatkan detail produk
Memproses produk 1/28...
  -> Berhasil scrape: Abracadabrow Tinted Brow Laminator
Memproses produk 2/28...
  -> gagal ambil https://motherofpearl.id/products/am-to-pm-colorfast-hypertint-01-date-night (percobaan 1/3): 429 Client Error: Too Many Requests for url: https://motherofpearl.id/products/am-to-pm-colorfast-hypertint-01-date-night
  -> Berhasil scrape: AM to PM Colorfast Hypertint
Memproses produk 3/28...
  -> Berhasil scrape: Anti Cakey Lock and Smooth Gripping Primer
Memproses produk 4/28...
  -> gagal ambil https://motherofpearl.id/products/browgraphy-angled-precision-brow-pen-01-dark-brown (percobaan 1/3): 429 Client Error: Too Many Requests for url: https://motherofpearl.id/products/browgraphy-angled-precision-brow-pen-01-dark-brown
  -> Berhasil scrape: Browgraphy Angled Precision Brow Pen
Memproses produk 5/28...
  -> Berhasil scrape: Bulletproof Set and Protect Continous Mist
Memproses produk 6/28...
  -> gagal ambil https://motherofpearl.id/products/c-m-i-i-w-skin-corrector (percobaan 1/3): 429 Client Error: Too Many Requests for url: https://motherofpearl.id/products/c-m-i-i-w-skin-corrector
  -> gagal ambil https://motherofpearl.id/products/c-m-i-i-w-skin-corrector (percobaan 2/3): 429 Client Error: Too Many Requests for url: https://motherofpearl.id/products/c-m-i-i-w-skin-corrector
  -> Berhasil scrape: C.M.I.I.W Skin Corrector
Memproses produk 7/28...
  -> Berhasil scrape: G.W.S (Gleaming, Wonderful, Shiny) Plump Gloss
Memproses produk 8/28...
  -> gagal ambil https://motherofpearl.id/products/invincible-nano-gel-capsule-sunscreen-spf50-pa (percobaan 1/3): 429 Client Error: Too Many Requests for url: https://motherofpearl.id/products/invincible-nano-gel-capsule-sunscreen-spf50-pa
  -> Berhasil scrape: Invincible Nano Gel Capsule Sunscreen SPF50+/PA++++
Memproses produk 9/28...
  -> Berhasil scrape: Lip Sculptor Lip Liner
Memproses produk 10/28...
  -> Berhasil scrape: Lippy Shield Nourishing and Protecting Balm SPF 35 PA++++
Memproses produk 11/28...
  -> Berhasil scrape: MaxCara Volumizing & Lengthening Mascara
Memproses produk 12/28...
  -> Berhasil scrape: Microblur Loose Powder
Memproses produk 13/28...
  -> Berhasil scrape: Microblur Translucent Pressed Powder
Memproses produk 14/28...
  -> gagal ambil https://motherofpearl.id/products/mop-bloom-maximum-intensity-pigment-blusher (percobaan 1/3): 429 Client Error: Too Many Requests for url: https://motherofpearl.id/products/mop-bloom-maximum-intensity-pigment-blusher
  -> gagal ambil https://motherofpearl.id/products/mop-bloom-maximum-intensity-pigment-blusher (percobaan 2/3): 503 Server Error: Service Unavailable for url: https://motherofpearl.id/products/mop-bloom-maximum-intensity-pigment-blusher
  -> gagal ambil https://motherofpearl.id/products/mop-bloom-maximum-intensity-pigment-blusher (percobaan 3/3): 503 Server Error: Service Unavailable for url: https://motherofpearl.id/products/mop-bloom-maximum-intensity-pigment-blusher
  -> Skip produk setelah 3 percobaan gagal.
  -> Lewati, tidak ada blok Product/ProductGroup di: https://motherofpearl.id/products/mop-bloom-maximum-intensity-pigment-blusher
Memproses produk 15/28...
  -> gagal ambil https://motherofpearl.id/products/mop-bloomdrop-longwear-liquid-blush (percobaan 1/3): 503 Server Error: Service Unavailable for url: https://motherofpearl.id/products/mop-bloomdrop-longwear-liquid-blush
  -> gagal ambil https://motherofpearl.id/products/mop-bloomdrop-longwear-liquid-blush (percobaan 2/3): 503 Server Error: Service Unavailable for url: https://motherofpearl.id/products/mop-bloomdrop-longwear-liquid-blush
  -> gagal ambil https://motherofpearl.id/products/mop-bloomdrop-longwear-liquid-blush (percobaan 3/3): 503 Server Error: Service Unavailable for url: https://motherofpearl.id/products/mop-bloomdrop-longwear-liquid-blush
  -> Skip produk setelah 3 percobaan gagal.
  -> Lewati, tidak ada blok Product/ProductGroup di: https://motherofpearl.id/products/mop-bloomdrop-longwear-liquid-blush
Memproses produk 16/28...
  -> Berhasil scrape: C.O.A (Center of Attention) Ultra Cover Long-Lasting Powder Foundation
Memproses produk 17/28...
  -> gagal ambil https://motherofpearl.id/products/mop-cover-age-high-coverage-creamy-concealer (percobaan 1/3): 503 Server Error: Service Unavailable for url: https://motherofpearl.id/products/mop-cover-age-high-coverage-creamy-concealer
  -> gagal ambil https://motherofpearl.id/products/mop-cover-age-high-coverage-creamy-concealer (percobaan 2/3): 503 Server Error: Service Unavailable for url: https://motherofpearl.id/products/mop-cover-age-high-coverage-creamy-concealer
  -> Berhasil scrape: Cover Age High Coverage Creamy Concealer
Memproses produk 18/28...
  -> Berhasil scrape: Multifunctional Liquid Brush
Memproses produk 19/28...
  -> gagal ambil https://motherofpearl.id/products/mop-picture-perfect-soft-focus-satin-concealer (percobaan 1/3): 429 Client Error: Too Many Requests for url: https://motherofpearl.id/products/mop-picture-perfect-soft-focus-satin-concealer
  -> Berhasil scrape: Picture Perfect Soft-Focus Satin Concealer
Memproses produk 20/28...
  -> Berhasil scrape: Unbothered Demi-Matte Cushion SPF 40 PA ++++
Memproses produk 21/28...
  -> gagal ambil https://motherofpearl.id/products/mother-of-puff-beauty-sponge (percobaan 1/3): 429 Client Error: Too Many Requests for url: https://motherofpearl.id/products/mother-of-puff-beauty-sponge
  -> Berhasil scrape: Mother of Puff Beauty Sponge
Memproses produk 22/28...
  -> gagal ambil https://motherofpearl.id/products/my-perfect-nude-lip-cream (percobaan 1/3): 429 Client Error: Too Many Requests for url: https://motherofpearl.id/products/my-perfect-nude-lip-cream
  -> Berhasil scrape: My Perfect Nude Lip Cream
Memproses produk 23/28...
  -> Berhasil scrape: So X-TRA! Hybrid Matte Foundation Peptides Infused SPF 40 PA++
Memproses produk 24/28...
  -> gagal ambil https://motherofpearl.id/products/tender-touch-creamy-butter-bronzer (percobaan 1/3): 429 Client Error: Too Many Requests for url: https://motherofpearl.id/products/tender-touch-creamy-butter-bronzer
  -> Berhasil scrape: Tender Touch Creamy Butter Bronzer
Memproses produk 25/28...
  -> Berhasil scrape: Tender Touch Creamy Butter Contour
Memproses produk 26/28...
  -> gagal ambil https://motherofpearl.id/products/tender-touch-illuminating-finishing-powder (percobaan 1/3): 429 Client Error: Too Many Requests for url: https://motherofpearl.id/products/tender-touch-illuminating-finishing-powder
  -> Berhasil scrape: Tender Touch Illuminating Finishing Powder
Memproses produk 27/28...
  -> Berhasil scrape: Tender Touch Soft Ombré Powder Blush
Memproses produk 28/28...
  -> Berhasil scrape: Vantablack Waterproof Precision Liner

----------------------------------------
Scraping complete. Total products found: 26
----------------------------------------

Data disimpan di data/products.json
Tahap 1: Mengumpulkan semua URL produk
  face-all halaman 1: 12 produk
  eyes halaman 1: 6 produk
  lips-all halaman 1: 6 produk
  cheeks halaman 1: 9 produk
  skincare halaman 1: 5 produk
  headband halaman 1: 5 produk
Selesai. Total 28 URL produk unik ditemukan.

Tahap 2: Memproses setiap URL untuk mendapatkan data varian
Memproses produk 1/28...
  -> Ditemukan 4 varian
Memproses produk 2/28...
  -> Ditemukan 12 varian
Memproses produk 3/28...
  -> gagal ambil https://motherofpearl.id/products/anti-cakey-lock-and-smooth-gripping-primer (percobaan 1/3): 429 Client Error: Too Many Requests for url: https://motherofpearl.id/products/anti-cakey-lock-and-smooth-gripping-primer
  -> Ditemukan 1 varian
Memproses produk 4/28...
  -> Ditemukan 3 varian
Memproses produk 5/28...
  -> gagal ambil https://motherofpearl.id/products/bulletproof-set-and-protect-continous-mist (percobaan 1/3): 429 Client Error: Too Many Requests for url: https://motherofpearl.id/products/bulletproof-set-and-protect-continous-mist
  -> Ditemukan 4 varian
Memproses produk 6/28...
  -> Ditemukan 2 varian
Memproses produk 7/28...
  -> gagal ambil https://motherofpearl.id/products/g-w-s-gleaming-wonderful-shiny-plump-gloss-01-mlbb (percobaan 1/3): 429 Client Error: Too Many Requests for url: https://motherofpearl.id/products/g-w-s-gleaming-wonderful-shiny-plump-gloss-01-mlbb
  -> Ditemukan 7 varian
Memproses produk 8/28...
  -> Ditemukan 1 varian
Memproses produk 9/28...
  -> gagal ambil https://motherofpearl.id/products/lip-sculptor (percobaan 1/3): 429 Client Error: Too Many Requests for url: https://motherofpearl.id/products/lip-sculptor
  -> Ditemukan 2 varian
Memproses produk 10/28...
  -> gagal ambil https://motherofpearl.id/products/lippy-shield-nourishing-and-protecting-balm-spf-35-pa (percobaan 1/3): 503 Server Error: Service Unavailable for url: https://motherofpearl.id/products/lippy-shield-nourishing-and-protecting-balm-spf-35-pa
  -> gagal ambil https://motherofpearl.id/products/lippy-shield-nourishing-and-protecting-balm-spf-35-pa (percobaan 2/3): 503 Server Error: Service Unavailable for url: https://motherofpearl.id/products/lippy-shield-nourishing-and-protecting-balm-spf-35-pa
  -> gagal ambil https://motherofpearl.id/products/lippy-shield-nourishing-and-protecting-balm-spf-35-pa (percobaan 3/3): 503 Server Error: Service Unavailable for url: https://motherofpearl.id/products/lippy-shield-nourishing-and-protecting-balm-spf-35-pa
  -> Skip produk setelah 3 percobaan gagal.
  -> Lewati, tidak ada data varian di: https://motherofpearl.id/products/lippy-shield-nourishing-and-protecting-balm-spf-35-pa
Memproses produk 11/28...
  -> gagal ambil https://motherofpearl.id/products/maxcara-volumizing-lengthening-mascara (percobaan 1/3): 503 Server Error: Service Unavailable for url: https://motherofpearl.id/products/maxcara-volumizing-lengthening-mascara
  -> gagal ambil https://motherofpearl.id/products/maxcara-volumizing-lengthening-mascara (percobaan 2/3): 503 Server Error: Service Unavailable for url: https://motherofpearl.id/products/maxcara-volumizing-lengthening-mascara
  -> Ditemukan 2 varian
Memproses produk 12/28...
  -> Ditemukan 5 varian
Memproses produk 13/28...
  -> Ditemukan 1 varian
Memproses produk 14/28...
  -> Ditemukan 6 varian
Memproses produk 15/28...
  -> Ditemukan 8 varian
Memproses produk 16/28...
  -> gagal ambil https://motherofpearl.id/products/mop-c-o-a-center-of-attention-ultra-cover-long-lasting-powder-foundation (percobaan 1/3): 429 Client Error: Too Many Requests for url: https://motherofpearl.id/products/mop-c-o-a-center-of-attention-ultra-cover-long-lasting-powder-foundation
  -> Ditemukan 8 varian
Memproses produk 17/28...
  -> Ditemukan 7 varian
Memproses produk 18/28...
  -> gagal ambil https://motherofpearl.id/products/mop-multifunctional-brush (percobaan 1/3): 429 Client Error: Too Many Requests for url: https://motherofpearl.id/products/mop-multifunctional-brush
  -> Ditemukan 1 varian
Memproses produk 19/28...
  -> gagal ambil https://motherofpearl.id/products/mop-picture-perfect-soft-focus-satin-concealer (percobaan 1/3): 503 Server Error: Service Unavailable for url: https://motherofpearl.id/products/mop-picture-perfect-soft-focus-satin-concealer
  -> Ditemukan 9 varian
Memproses produk 20/28...
  -> Ditemukan 14 varian
Memproses produk 21/28...
  -> gagal ambil https://motherofpearl.id/products/mother-of-puff-beauty-sponge (percobaan 1/3): 429 Client Error: Too Many Requests for url: https://motherofpearl.id/products/mother-of-puff-beauty-sponge
  -> Ditemukan 1 varian
Memproses produk 22/28...
  -> Ditemukan 12 varian
Memproses produk 23/28...
  -> gagal ambil https://motherofpearl.id/products/so-x-tra-hybrid-matte-foundation-peptides-infused-spf-40-pa (percobaan 1/3): 429 Client Error: Too Many Requests for url: https://motherofpearl.id/products/so-x-tra-hybrid-matte-foundation-peptides-infused-spf-40-pa
  -> Ditemukan 9 varian
Memproses produk 24/28...
  -> Ditemukan 1 varian
Memproses produk 25/28...
  -> Ditemukan 1 varian
Memproses produk 26/28...
  -> gagal ambil https://motherofpearl.id/products/tender-touch-illuminating-finishing-powder (percobaan 1/3): 429 Client Error: Too Many Requests for url: https://motherofpearl.id/products/tender-touch-illuminating-finishing-powder
  -> Ditemukan 1 varian
Memproses produk 27/28...
  -> Ditemukan 5 varian
Memproses produk 28/28...
  -> gagal ambil https://motherofpearl.id/products/vantablack-waterproof-precision-liner (percobaan 1/3): 429 Client Error: Too Many Requests for url: https://motherofpearl.id/products/vantablack-waterproof-precision-liner
  -> Ditemukan 1 varian

----------------------------------------
Scraping complete. Total variants: 128
----------------------------------------

Data disimpan di data/variants.json
Tahap 1: Mengumpulkan semua URL produk
  face-all halaman 1: 12 produk
  eyes halaman 1: 6 produk
  lips-all halaman 1: 6 produk
  cheeks halaman 1: 9 produk
  skincare halaman 1: 5 produk
  headband halaman 1: 5 produk
Selesai. Total 28 URL produk unik ditemukan.

6 kategori disimpan di data/categories.json
43 relasi produk-kategori disimpan di data/product_categories.json
Memasukkan products...
  28 baris diproses.
Memasukkan categories...
  6 baris diproses.
Memasukkan variants...
  129 baris diproses.
Memasukkan product_categories...
  43 baris diproses.

Selesai. Semua data hasil scraping sudah masuk ke database.
[2026-07-23 21:21:54.809965] Run #3 - products=28 variants=129 categories=6 product_categories=43
[Thu Jul 23 21:21:54 WIB 2026] Pipeline selesai.
Tahap 1: Mengumpulkan semua URL produk
  -> gagal ambil https://motherofpearl.id/collections/face-all?page=1 (percobaan 1/3): 429 Client Error: Too Many Requests for url: https://motherofpearl.id/collections/face-all?page=1
  face-all halaman 1: 12 produk
  eyes halaman 1: 6 produk
  lips-all halaman 1: 6 produk
  cheeks halaman 1: 9 produk
  skincare halaman 1: 5 produk
  headband halaman 1: 5 produk
Selesai. Total 28 URL produk unik ditemukan.

Tahap 2: Memproses setiap URL untuk mendapatkan data varian
Memproses produk 1/28...
  -> Ditemukan 4 varian
Memproses produk 2/28...
  -> Ditemukan 12 varian
Memproses produk 3/28...
  -> Ditemukan 1 varian
Memproses produk 4/28...
  -> Ditemukan 3 varian
Memproses produk 5/28...
  -> gagal ambil https://motherofpearl.id/products/bulletproof-set-and-protect-continous-mist (percobaan 1/3): 429 Client Error: Too Many Requests for url: https://motherofpearl.id/products/bulletproof-set-and-protect-continous-mist
  -> Ditemukan 4 varian
Memproses produk 6/28...
  -> Ditemukan 2 varian
Memproses produk 7/28...
  -> gagal ambil https://motherofpearl.id/products/g-w-s-gleaming-wonderful-shiny-plump-gloss-01-mlbb (percobaan 1/3): 503 Server Error: Service Unavailable for url: https://motherofpearl.id/products/g-w-s-gleaming-wonderful-shiny-plump-gloss-01-mlbb
  -> gagal ambil https://motherofpearl.id/products/g-w-s-gleaming-wonderful-shiny-plump-gloss-01-mlbb (percobaan 2/3): 503 Server Error: Service Unavailable for url: https://motherofpearl.id/products/g-w-s-gleaming-wonderful-shiny-plump-gloss-01-mlbb
  -> gagal ambil https://motherofpearl.id/products/g-w-s-gleaming-wonderful-shiny-plump-gloss-01-mlbb (percobaan 3/3): 503 Server Error: Service Unavailable for url: https://motherofpearl.id/products/g-w-s-gleaming-wonderful-shiny-plump-gloss-01-mlbb
  -> Skip produk setelah 3 percobaan gagal.
  -> Lewati, tidak ada data varian di: https://motherofpearl.id/products/g-w-s-gleaming-wonderful-shiny-plump-gloss-01-mlbb
Memproses produk 8/28...
  -> Ditemukan 1 varian
Memproses produk 9/28...
  -> gagal ambil https://motherofpearl.id/products/lip-sculptor (percobaan 1/3): 503 Server Error: Service Unavailable for url: https://motherofpearl.id/products/lip-sculptor
  -> gagal ambil https://motherofpearl.id/products/lip-sculptor (percobaan 2/3): 503 Server Error: Service Unavailable for url: https://motherofpearl.id/products/lip-sculptor
  -> gagal ambil https://motherofpearl.id/products/lip-sculptor (percobaan 3/3): 503 Server Error: Service Unavailable for url: https://motherofpearl.id/products/lip-sculptor
  -> Skip produk setelah 3 percobaan gagal.
  -> Lewati, tidak ada data varian di: https://motherofpearl.id/products/lip-sculptor
Memproses produk 10/28...
  -> Ditemukan 1 varian
Memproses produk 11/28...
  -> gagal ambil https://motherofpearl.id/products/maxcara-volumizing-lengthening-mascara (percobaan 1/3): 503 Server Error: Service Unavailable for url: https://motherofpearl.id/products/maxcara-volumizing-lengthening-mascara
  -> Ditemukan 2 varian
Memproses produk 12/28...
  -> Ditemukan 5 varian
Memproses produk 13/28...
  -> Ditemukan 1 varian
Memproses produk 14/28...
  -> Ditemukan 6 varian
Memproses produk 15/28...
  -> Ditemukan 8 varian
Memproses produk 16/28...
  -> Ditemukan 8 varian
Memproses produk 17/28...
  -> Ditemukan 7 varian
Memproses produk 18/28...
  -> Ditemukan 1 varian
Memproses produk 19/28...
  -> Ditemukan 9 varian
Memproses produk 20/28...
  -> Ditemukan 14 varian
Memproses produk 21/28...
  -> Ditemukan 1 varian
Memproses produk 22/28...
  -> Ditemukan 12 varian
Memproses produk 23/28...
  -> Ditemukan 9 varian
Memproses produk 24/28...
  -> Ditemukan 1 varian
Memproses produk 25/28...
  -> Ditemukan 1 varian
Memproses produk 26/28...
  -> gagal ambil https://motherofpearl.id/products/tender-touch-illuminating-finishing-powder (percobaan 1/3): 429 Client Error: Too Many Requests for url: https://motherofpearl.id/products/tender-touch-illuminating-finishing-powder
  -> Ditemukan 1 varian
Memproses produk 27/28...
  -> Ditemukan 5 varian
Memproses produk 28/28...
  -> Ditemukan 1 varian

----------------------------------------
Scraping complete. Total variants: 120
----------------------------------------

Data disimpan di data/variants.json
Tahap 1: Mengumpulkan semua URL produk
  face-all halaman 1: 12 produk
  eyes halaman 1: 6 produk
  lips-all halaman 1: 6 produk
  cheeks halaman 1: 9 produk
  skincare halaman 1: 5 produk
  headband halaman 1: 5 produk
Selesai. Total 28 URL produk unik ditemukan.

6 kategori disimpan di data/categories.json
43 relasi produk-kategori disimpan di data/product_categories.json
Memasukkan products...
  28 baris diproses.
Memasukkan categories...
  6 baris diproses.
Memasukkan variants...
  129 baris diproses.
Memasukkan product_categories...
  43 baris diproses.

Selesai. Semua data hasil scraping sudah masuk ke database.
[2026-07-23 21:22:35.805873] Run #4 - products=28 variants=129 categories=6 product_categories=43
[Thu Jul 23 21:22:35 WIB 2026] Pipeline selesai.
